#
# There is insufficient memory for the Java Runtime Environment to continue.
# Native memory allocation (mmap) failed to map 536870912 bytes for G1 virtual space
# Possible reasons:
#   The system is out of physical RAM or swap space
#   The process is running with CompressedOops enabled, and the Java Heap may be blocking the growth of the native heap
# Possible solutions:
#   Reduce memory load on the system
#   Increase physical memory or swap space
#   Check if swap backing store is full
#   Decrease Java heap size (-Xmx/-Xms)
#   Decrease number of Java threads
#   Decrease Java thread stack sizes (-Xss)
#   Set larger code cache with -XX:ReservedCodeCacheSize=
#   JVM is running with Zero Based Compressed Oops mode in which the Java heap is
#     placed in the first 32GB address space. The Java Heap base address is the
#     maximum limit for the native heap growth. Please use -XX:HeapBaseMinAddress
#     to set the Java Heap base and to place the Java Heap above 32GB virtual address.
# This output file may be truncated or incomplete.
#
#  Out of Memory Error (os_windows.cpp:3771), pid=28620, tid=11464
#
# JRE version:  (17.0.7) (build )
# Java VM: OpenJDK 64-Bit Server VM (17.0.7+0-b2043.56-10550314, mixed mode, sharing, tiered, compressed oops, compressed class ptrs, g1 gc, windows-amd64)
# No core dump will be written. Minidumps are not enabled by default on client versions of Windows
#

---------------  S U M M A R Y ------------

Command Line: git4idea.http.GitAskPassApp Username for 'https://github.com': 

Host: AMD Ryzen 5 3600 6-Core Processor              , 12 cores, 31G,  Windows 11 , 64 bit Build 22621 (10.0.22621.3085)
Time: Fri Mar 22 23:40:02 2024 RTZ 2 (s 11 , 64 bit Build 22621 (10.0.22621.3085) elapsed time: 0.011709 seconds (0d 0h 0m 0s)

---------------  T H R E A D  ---------------

Current thread (0x00000237daaeecc0):  JavaThread "Unknown thread" [_thread_in_vm, id=11464, stack(0x0000003e1ae00000,0x0000003e1af00000)]

Stack: [0x0000003e1ae00000,0x0000003e1af00000]
Native frames: (J=compiled Java code, j=interpreted, Vv=VM code, C=native code)
V  [jvm.dll+0x683bfa]
V  [jvm.dll+0x8430a4]
V  [jvm.dll+0x8449be]
V  [jvm.dll+0x845023]
V  [jvm.dll+0x24ad2f]
V  [jvm.dll+0x680ac9]
V  [jvm.dll+0x67519a]
V  [jvm.dll+0x30b3cb]
V  [jvm.dll+0x312876]
V  [jvm.dll+0x36221e]
V  [jvm.dll+0x36244f]
V  [jvm.dll+0x2e14a8]
V  [jvm.dll+0x2e2414]
V  [jvm.dll+0x814391]
V  [jvm.dll+0x36ffe1]
V  [jvm.dll+0x7f396c]
V  [jvm.dll+0x3f305f]
V  [jvm.dll+0x3f4b91]
C  [jli.dll+0x528f]
C  [ucrtbase.dll+0x29363]
C  [KERNEL32.DLL+0x1257d]
C  [ntdll.dll+0x5aa58]


---------------  P R O C E S S  ---------------

Threads class SMR info:
_java_thread_list=0x00007ffcaf91d098, length=0, elements={
}

Java Threads: ( => current thread )

Other Threads:
  0x00000237dab9bcb0 GCTaskThread "GC Thread#0" [stack: 0x0000003e1af00000,0x0000003e1b000000] [id=37516]
  0x00000237dabacb70 ConcurrentGCThread "G1 Main Marker" [stack: 0x0000003e1b000000,0x0000003e1b100000] [id=14724]
  0x00000237dabad580 ConcurrentGCThread "G1 Conc#0" [stack: 0x0000003e1b100000,0x0000003e1b200000] [id=40860]

[error occurred during error reporting (printing all threads), id 0xc0000005, EXCEPTION_ACCESS_VIOLATION (0xc0000005) at pc=0x00007ffcaf0d2087]

VM state: not at safepoint (not fully initialized)

VM Mutex/Monitor currently owned by a thread:  ([mutex/lock_event])
[0x00000237daae8f70] Heap_lock - owner thread: 0x00000237daaeecc0

Heap address: 0x0000000601000000, size: 8176 MB, Compressed Oops mode: Zero based, Oop shift amount: 3

CDS archive(s) mapped at: [0x0000000000000000-0x0000000000000000-0x0000000000000000), size 0, SharedBaseAddress: 0x0000000800000000, ArchiveRelocationMode: 0.
Narrow klass base: 0x0000000000000000, Narrow klass shift: 0, Narrow klass range: 0x0

GC Precious Log:
<Empty>

Heap:
 garbage-first heap   total 0K, used 0K [0x0000000601000000, 0x0000000800000000)
  region size 4096K, 0 young (0K), 0 survivors (0K)
 Metaspace       used 0K, committed 0K, reserved 0K
  class space    used 0K, committed 0K, reserved 0K

Heap Regions: E=young(eden), S=young(survivor), O=old, HS=humongous(starts), HC=humongous(continues), CS=collection set, F=free, OA=open archive, CA=closed archive, TAMS=top-at-mark-start (previous, next)

Card table byte_map: [0x00000237ee510000,0x00000237ef510000] _byte_map_base: 0x00000237eb508000

Marking Bits (Prev, Next): (CMBitMap*) 0x00000237dab9c2c0, (CMBitMap*) 0x00000237dab9c300
 Prev Bits: [0x00000237f0510000, 0x00000237f84d0000)
 Next Bits: [0x0000023780000000, 0x0000023787fc0000)

GC Heap History (0 events):
No events

Dll operation events (1 events):
Event: 0.006 Loaded shared library C:\Program Files\Android\Android Studio\jbr\bin\java.dll

Deoptimization events (0 events):
No events

Classes unloaded (0 events):
No events

Classes redefined (0 events):
No events

Internal exceptions (0 events):
No events

VM Operations (0 events):
No events

Events (0 events):
No events


Dynamic libraries:
0x00007ff6a7c00000 - 0x00007ff6a7c0a000 	C:\Program Files\Android\Android Studio\jbr\bin\java.exe
0x00007ffd1c4f0000 - 0x00007ffd1c707000 	C:\Windows\SYSTEM32\ntdll.dll
0x00007ffd1a240000 - 0x00007ffd1a304000 	C:\Windows\System32\KERNEL32.DLL
0x00007ffd19af0000 - 0x00007ffd19e96000 	C:\Windows\System32\KERNELBASE.dll
0x00007ffd19830000 - 0x00007ffd19941000 	C:\Windows\System32\ucrtbase.dll
0x00007ffcf8dc0000 - 0x00007ffcf8dd7000 	C:\Program Files\Android\Android Studio\jbr\bin\jli.dll
0x00007ffcf4730000 - 0x00007ffcf474b000 	C:\Program Files\Android\Android Studio\jbr\bin\VCRUNTIME140.dll
0x00007ffd1b180000 - 0x00007ffd1b32e000 	C:\Windows\System32\USER32.dll
0x00007ffd19ea0000 - 0x00007ffd19ec6000 	C:\Windows\System32\win32u.dll
0x00007ffd0d340000 - 0x00007ffd0d5d3000 	C:\Windows\WinSxS\amd64_microsoft.windows.common-controls_6595b64144ccf1df_6.0.22621.2506_none_270c5ae97388e100\COMCTL32.dll
0x00007ffd1b390000 - 0x00007ffd1b3b9000 	C:\Windows\System32\GDI32.dll
0x00007ffd1c400000 - 0x00007ffd1c4a7000 	C:\Windows\System32\msvcrt.dll
0x00007ffd1a030000 - 0x00007ffd1a148000 	C:\Windows\System32\gdi32full.dll
0x00007ffd19ed0000 - 0x00007ffd19f6a000 	C:\Windows\System32\msvcp_win.dll
0x00007ffd1b3c0000 - 0x00007ffd1b3f1000 	C:\Windows\System32\IMM32.DLL
0x00007ffcf8390000 - 0x00007ffcf839c000 	C:\Program Files\Android\Android Studio\jbr\bin\vcruntime140_1.dll
0x00007ffcd6ae0000 - 0x00007ffcd6b6d000 	C:\Program Files\Android\Android Studio\jbr\bin\msvcp140.dll
0x00007ffcaede0000 - 0x00007ffcafa60000 	C:\Program Files\Android\Android Studio\jbr\bin\server\jvm.dll
0x00007ffd1c140000 - 0x00007ffd1c1f3000 	C:\Windows\System32\ADVAPI32.dll
0x00007ffd1a9a0000 - 0x00007ffd1aa48000 	C:\Windows\System32\sechost.dll
0x00007ffd19950000 - 0x00007ffd19978000 	C:\Windows\System32\bcrypt.dll
0x00007ffd1c2e0000 - 0x00007ffd1c3f7000 	C:\Windows\System32\RPCRT4.dll
0x00007ffd12660000 - 0x00007ffd12694000 	C:\Windows\SYSTEM32\WINMM.dll
0x00007ffcf6680000 - 0x00007ffcf6689000 	C:\Windows\SYSTEM32\WSOCK32.dll
0x00007ffd0ef80000 - 0x00007ffd0ef8a000 	C:\Windows\SYSTEM32\VERSION.dll
0x00007ffd1ab00000 - 0x00007ffd1ab71000 	C:\Windows\System32\WS2_32.dll
0x00007ffd18920000 - 0x00007ffd18938000 	C:\Windows\SYSTEM32\kernel.appcore.dll
0x00007ffd16b50000 - 0x00007ffd16b5a000 	C:\Program Files\Android\Android Studio\jbr\bin\jimage.dll
0x00007ffd075a0000 - 0x00007ffd077d3000 	C:\Windows\SYSTEM32\DBGHELP.DLL
0x00007ffd1adf0000 - 0x00007ffd1b179000 	C:\Windows\System32\combase.dll
0x00007ffd1c200000 - 0x00007ffd1c2d7000 	C:\Windows\System32\OLEAUT32.dll
0x00007ffcf5880000 - 0x00007ffcf58b2000 	C:\Windows\SYSTEM32\dbgcore.DLL
0x00007ffd1a1c0000 - 0x00007ffd1a23a000 	C:\Windows\System32\bcryptPrimitives.dll
0x00007ffcfa3a0000 - 0x00007ffcfa3c5000 	C:\Program Files\Android\Android Studio\jbr\bin\java.dll

dbghelp: loaded successfully - version: 4.0.5 - missing functions: none
symbol engine: initialized successfully - sym options: 0x614 - pdb path: .;C:\Program Files\Android\Android Studio\jbr\bin;C:\Windows\SYSTEM32;C:\Windows\WinSxS\amd64_microsoft.windows.common-controls_6595b64144ccf1df_6.0.22621.2506_none_270c5ae97388e100;C:\Program Files\Android\Android Studio\jbr\bin\server

VM Arguments:
java_command: git4idea.http.GitAskPassApp Username for 'https://github.com': 
java_class_path (initial): C:/Program Files/Android/Android Studio/plugins/vcs-git/lib/git4idea-rt.jar;C:/Program Files/Android/Android Studio/lib/externalProcess-rt.jar
Launcher Type: SUN_STANDARD

[Global flags]
     intx CICompilerCount                          = 4                                         {product} {ergonomic}
     uint ConcGCThreads                            = 3                                         {product} {ergonomic}
     uint G1ConcRefinementThreads                  = 10                                        {product} {ergonomic}
   size_t G1HeapRegionSize                         = 4194304                                   {product} {ergonomic}
    uintx GCDrainStackTargetSize                   = 64                                        {product} {ergonomic}
   size_t InitialHeapSize                          = 536870912                                 {product} {ergonomic}
   size_t MarkStackSize                            = 4194304                                   {product} {ergonomic}
   size_t MaxHeapSize                              = 8573157376                                {product} {ergonomic}
   size_t MinHeapDeltaBytes                        = 4194304                                   {product} {ergonomic}
   size_t MinHeapSize                              = 8388608                                   {product} {ergonomic}
    uintx NonNMethodCodeHeapSize                   = 5839372                                {pd product} {ergonomic}
    uintx NonProfiledCodeHeapSize                  = 122909434                              {pd product} {ergonomic}
    uintx ProfiledCodeHeapSize                     = 122909434                              {pd product} {ergonomic}
    uintx ReservedCodeCacheSize                    = 251658240                              {pd product} {ergonomic}
     bool SegmentedCodeCache                       = true                                      {product} {ergonomic}
   size_t SoftMaxHeapSize                          = 8573157376                             {manageable} {ergonomic}
     bool UseCompressedClassPointers               = true                           {product lp64_product} {ergonomic}
     bool UseCompressedOops                        = true                           {product lp64_product} {ergonomic}
     bool UseG1GC                                  = true                                      {product} {ergonomic}
     bool UseLargePagesIndividualAllocation        = false                                  {pd product} {ergonomic}

Logging:
Log output configuration:
 #0: stdout all=warning uptime,level,tags
 #1: stderr all=off uptime,level,tags

Environment Variables:
PATH=C:\Program Files\Git\mingw64\libexec\git-core;C:\Program Files\Git\mingw64\libexec\git-core;C:\Program Files\Git\mingw64\bin;C:\Program Files\Git\usr\bin;C:\Users\azArt\bin;C:\Windows\system32;C:\Windows;C:\Windows\System32\Wbem;C:\Windows\System32\WindowsPowerShell\v1.0;C:\Windows\System32\OpenSSH;C:\Program Files (x86)\NVIDIA Corporation\PhysX\Common;C:\Program Files\NVIDIA Corporation\NVIDIA NvDLISR;C:\Program Files\WireGuard;C:\Program Files\Microsoft SQL Server\150\Tools\Binn;C:\Program Files\Microsoft SQL Server\Client SDK\ODBC\170\Tools\Binn;C:\Program Files\dotnet;C:\Program Files (x86)\Windows Kits\10\Windows Performance Toolkit;C:\Strawberry\c\bin;C:\Strawberry\perl\site\bin;C:\Strawberry\perl\bin;C:\Program Files\Git\cmd;C:\Users\azArt\AppData\Local\Programs\Python\Python312\Scripts;C:\Users\azArt\AppData\Local\Programs\Python\Python312;C:\Users\azArt\AppData\Local\Microsoft\WindowsApps;C:\Users\azArt\.dotnet\tools;C:\Users\azArt\AppData\Local\GitHubDesktop\bin;C:\Program Files\JetBrains\PyCharm Community Edition 2023.3.3\bin;C:\Users\azArt\AppData\Local\Programs\Microsoft VS Code\bin
USERNAME=azArt
DISPLAY=:0.0
LC_ALL=en_US.UTF-8
TERM=xterm-256color
TMPDIR=C:\Users\azArt\AppData\Local\Temp
OS=Windows_NT
PROCESSOR_IDENTIFIER=AMD64 Family 23 Model 113 Stepping 0, AuthenticAMD
TMP=C:\Users\azArt\AppData\Local\Temp
TEMP=C:\Users\azArt\AppData\Local\Temp


JNI global refs:
JNI global refs: 0, weak refs: 0

JNI global refs memory usage: 0, weak refs: 0

OOME stack traces (most recent first):
Classloader memory used:


---------------  S Y S T E M  ---------------

OS:
 Windows 11 , 64 bit Build 22621 (10.0.22621.3085)
OS uptime: 13 days 8:45 hours
Hyper-V role detected

CPU: total 12 (initial active 12) (12 cores per cpu, 2 threads per core) family 23 model 113 stepping 0 microcode 0x0, cx8, cmov, fxsr, ht, mmx, 3dnowpref, sse, sse2, sse3, ssse3, sse4a, sse4.1, sse4.2, popcnt, lzcnt, tsc, tscinvbit, avx, avx2, aes, clmul, bmi1, bmi2, adx, sha, fma, vzeroupper, clflush, clflushopt, hv

Memory: 4k page, system-wide physical 32693M (6387M free)
TotalPageFile size 48574M (AvailPageFile size 163M)
current process WorkingSet (physical memory assigned to process): 11M, peak: 11M
current process commit charge ("private bytes"): 64M, peak: 576M

vm_info: OpenJDK 64-Bit Server VM (17.0.7+0-b2043.56-10550314) for windows-amd64 JRE (17.0.7+0-b2043.56-10550314), built on Jul 24 2023 18:27:45 by "androidbuild" with MS VC++ 16.10 / 16.11 (VS2019)

END.
